<?xml version="1.0" encoding="UTF-8"?>
<testsuite name="com.bridgelabz.CensusAnalyserTest" tests="2" skipped="0" failures="0" errors="0" timestamp="2021-06-17T07:24:48" hostname="DESKTOP-4IPP4FC" time="0.659">
  <properties/>
  <testcase name="givenIndiaCensusData_WithWrongFile_ShouldThrowException()" classname="com.bridgelabz.CensusAnalyserTest" time="0.333"/>
  <testcase name="givenIndianCensusCSVFile_shouldReturns_correctRecords()" classname="com.bridgelabz.CensusAnalyserTest" time="0.325"/>
  <system-out><![CDATA[File not found 
]]></system-out>
  <system-err><![CDATA[]]></system-err>
</testsuite>
